<?xml version="1.0" encoding="UTF-8"?>
<coverage generated="1646768338928" clover="3.2.0">
  <project timestamp="1646768338928" name="All files">
    <metrics statements="23" coveredstatements="23" conditionals="4" coveredconditionals="4" methods="7" coveredmethods="7" elements="34" coveredelements="34" complexity="0" loc="23" ncloc="23" packages="1" files="3" classes="3"/>
    <file name="cruise.js" path="/Users/Gokhan/Desktop/cruise-ships/src/cruise.js">
      <metrics statements="15" coveredstatements="15" conditionals="2" coveredconditionals="2" methods="3" coveredmethods="3"/>
      <line num="3" count="10" type="stmt"/>
      <line num="4" count="10" type="stmt"/>
      <line num="5" count="10" type="stmt"/>
      <line num="6" count="10" type="stmt"/>
      <line num="7" count="10" type="stmt"/>
      <line num="11" count="4" type="stmt"/>
      <line num="12" count="4" type="stmt"/>
      <line num="13" count="4" type="cond" truecount="2" falsecount="0"/>
      <line num="14" count="1" type="stmt"/>
      <line num="16" count="3" type="stmt"/>
      <line num="17" count="3" type="stmt"/>
      <line num="21" count="2" type="stmt"/>
      <line num="22" count="2" type="stmt"/>
      <line num="23" count="2" type="stmt"/>
      <line num="28" count="1" type="stmt"/>
    </file>
    <file name="itinerary.js" path="/Users/Gokhan/Desktop/cruise-ships/src/itinerary.js">
      <metrics statements="2" coveredstatements="2" conditionals="0" coveredconditionals="0" methods="1" coveredmethods="1"/>
      <line num="3" count="11" type="stmt"/>
      <line num="7" count="1" type="stmt"/>
    </file>
    <file name="port.js" path="/Users/Gokhan/Desktop/cruise-ships/src/port.js">
      <metrics statements="6" coveredstatements="6" conditionals="2" coveredconditionals="2" methods="3" coveredmethods="3"/>
      <line num="1" count="1" type="stmt"/>
      <line num="5" count="16" type="stmt"/>
      <line num="6" count="16" type="stmt"/>
      <line num="9" count="3" type="stmt"/>
      <line num="13" count="1" type="cond" truecount="2" falsecount="0"/>
      <line num="17" count="1" type="stmt"/>
    </file>
  </project>
</coverage>
